06/15/2026 08:34:05 AM - root - INFO - ******************* Test_Login **************************
06/15/2026 08:34:05 AM - root - INFO - ******************* Verifying Login Test **************************
06/15/2026 08:34:27 AM - root - INFO - Home Page Title Test is Passed
06/15/2026 08:35:10 AM - root - INFO - ******************* Test_Login **************************
06/15/2026 08:35:10 AM - root - INFO - ******************* Verifying Login Test **************************
06/15/2026 08:35:32 AM - root - INFO - Home Page Title Test is Passed
06/15/2026 08:35:52 AM - root - INFO - ******************* Test_Login **************************
06/15/2026 08:35:52 AM - root - INFO - ******************* Verifying Login Test **************************
06/15/2026 08:37:41 AM - root - INFO - ******************* Test_Login **************************
06/15/2026 08:37:41 AM - root - INFO - ******************* Verifying Login Test **************************
06/15/2026 09:12:32 AM - root - INFO - ******************* Test_Login **************************
06/15/2026 09:12:32 AM - root - INFO - ******************* Verifying HomePage Title **************************
06/15/2026 09:12:44 AM - root - INFO - ************ Home Page Title Test is Passed ************
06/15/2026 09:12:48 AM - root - INFO - ************* Verifying the Login Test ***************
06/15/2026 09:13:08 AM - root - ERROR - ************ Login Test is Failed ************
06/15/2026 09:19:45 AM - root - INFO - ******************* Test_Login **************************
06/15/2026 09:19:45 AM - root - INFO - ******************* Verifying HomePage Title **************************
06/15/2026 09:20:01 AM - root - INFO - ************ Home Page Title Test is Passed ************
06/15/2026 09:20:32 AM - root - INFO - ******************* Test_Login **************************
06/15/2026 09:20:32 AM - root - INFO - ******************* Verifying HomePage Title **************************
06/15/2026 09:20:46 AM - root - INFO - ************ Home Page Title Test is Passed ************
06/15/2026 09:20:51 AM - root - INFO - ************* Verifying the Login Test ***************
06/15/2026 09:21:20 AM - root - ERROR - ************ Login Test is Failed ************
06/15/2026 09:26:56 AM - root - INFO - ******************* Test_Login **************************
06/15/2026 09:26:56 AM - root - INFO - ******************* Verifying HomePage Title **************************
06/15/2026 09:27:11 AM - root - INFO - ************ Home Page Title Test is Passed ************
06/15/2026 09:27:15 AM - root - INFO - ************* Verifying the Login Test ***************
06/15/2026 09:27:36 AM - root - ERROR - ************ Login Test is Failed ************
06/15/2026 09:31:18 AM - root - INFO - ******************* Test_Login **************************
06/15/2026 09:31:18 AM - root - INFO - ******************* Verifying HomePage Title **************************
06/15/2026 09:31:30 AM - root - INFO - ************ Home Page Title Test is Passed ************
06/15/2026 09:31:34 AM - root - INFO - ************* Verifying the Login Test ***************
06/15/2026 09:31:52 AM - root - ERROR - ************ Login Test is Failed ************
06/15/2026 09:33:21 AM - root - INFO - ******************* Test_Login **************************
06/15/2026 09:33:21 AM - root - INFO - ******************* Verifying HomePage Title **************************
06/15/2026 09:33:31 AM - root - INFO - ************ Home Page Title Test is Passed ************
06/15/2026 09:33:35 AM - root - INFO - ************* Verifying the Login Test ***************
06/15/2026 09:33:54 AM - root - ERROR - ************ Login Test is Failed ************
06/15/2026 09:35:52 AM - root - INFO - ******************* Test_Login **************************
06/15/2026 09:35:52 AM - root - INFO - ******************* Verifying HomePage Title **************************
06/15/2026 09:36:04 AM - root - INFO - ************ Home Page Title Test is Passed ************
06/15/2026 09:36:08 AM - root - INFO - ************* Verifying the Login Test ***************
06/15/2026 09:36:25 AM - root - INFO - ************ Login Test is Passed ************
06/15/2026 09:41:05 AM - root - INFO - ******************* Test_Login **************************
06/15/2026 09:41:05 AM - root - INFO - ******************* Verifying HomePage Title **************************
06/15/2026 09:41:15 AM - root - INFO - ************ Home Page Title Test is Passed ************
06/15/2026 09:41:19 AM - root - INFO - ************* Verifying the Login Test ***************
06/15/2026 09:41:36 AM - root - INFO - *************** Login Test is Passed ********************
06/15/2026 09:43:27 AM - root - INFO - ******************* Test_Login **************************
06/15/2026 09:43:27 AM - root - INFO - ******************* Verifying HomePage Title **************************
06/15/2026 09:43:38 AM - root - INFO - ************ Home Page Title Test is Passed ************
06/15/2026 09:43:42 AM - root - INFO - ************* Verifying the Login Test ***************
06/15/2026 09:44:00 AM - root - INFO - *************** Login Test is Passed ********************
06/15/2026 09:44:11 AM - urllib3.connectionpool - WARNING - Retrying (Retry(total=2, connect=None, read=None, redirect=None, status=None)) after connection broken by 'NewConnectionError("HTTPConnection(host='localhost', port=53664): Failed to establish a new connection: [WinError 10061] No connection could be made because the target machine actively refused it")': /session/fc102f206c1fffc47507c88cc7bda7b0
06/15/2026 09:44:15 AM - urllib3.connectionpool - WARNING - Retrying (Retry(total=1, connect=None, read=None, redirect=None, status=None)) after connection broken by 'NewConnectionError("HTTPConnection(host='localhost', port=53664): Failed to establish a new connection: [WinError 10061] No connection could be made because the target machine actively refused it")': /session/fc102f206c1fffc47507c88cc7bda7b0
06/15/2026 09:44:19 AM - urllib3.connectionpool - WARNING - Retrying (Retry(total=0, connect=None, read=None, redirect=None, status=None)) after connection broken by 'NewConnectionError("HTTPConnection(host='localhost', port=53664): Failed to establish a new connection: [WinError 10061] No connection could be made because the target machine actively refused it")': /session/fc102f206c1fffc47507c88cc7bda7b0
06/15/2026 09:44:28 AM - root - INFO - ******************* Test_Login **************************
06/15/2026 09:44:28 AM - root - INFO - ******************* Verifying HomePage Title **************************
06/15/2026 09:44:40 AM - root - INFO - ************ Home Page Title Test is Passed ************
06/17/2026 07:07:47 AM - root - INFO - ******** Test Project Creation Started ********
06/17/2026 07:08:00 AM - root - INFO - Login Successful
06/17/2026 07:08:05 AM - root - INFO - ******************* Test_Login **************************
06/17/2026 07:08:05 AM - root - INFO - ******************* Verifying HomePage Title **************************
06/17/2026 07:08:16 AM - root - INFO - ************ Home Page Title Test is Passed ************
06/17/2026 07:14:59 AM - root - INFO - ******** Test Project Creation Started ********
06/17/2026 07:15:12 AM - root - INFO - Login Successful
06/17/2026 07:15:16 AM - root - INFO - ******************* Test_Login **************************
06/17/2026 07:15:16 AM - root - INFO - ******************* Verifying HomePage Title **************************
06/17/2026 07:15:27 AM - root - INFO - ************ Home Page Title Test is Passed ************
06/17/2026 07:22:34 AM - root - INFO - ******** Test Project Creation Started ********
06/17/2026 07:22:48 AM - root - INFO - Login Successful
06/17/2026 07:22:53 AM - root - INFO - ******************* Test_Login **************************
06/17/2026 07:22:53 AM - root - INFO - ******************* Verifying HomePage Title **************************
06/17/2026 07:23:03 AM - root - INFO - ************ Home Page Title Test is Passed ************
06/17/2026 07:24:38 AM - root - INFO - ******** Test Project Creation Started ********
06/17/2026 07:24:52 AM - root - INFO - Login Successful
06/17/2026 07:24:57 AM - root - INFO - ******************* Test_Login **************************
06/17/2026 07:24:57 AM - root - INFO - ******************* Verifying HomePage Title **************************
06/17/2026 07:25:08 AM - root - INFO - ************ Home Page Title Test is Passed ************
06/17/2026 07:25:51 AM - root - INFO - ******************* Test_Login **************************
06/17/2026 07:25:51 AM - root - INFO - ******************* Verifying HomePage Title **************************
06/17/2026 07:26:02 AM - root - INFO - ************ Home Page Title Test is Passed ************
06/17/2026 07:26:32 AM - root - INFO - ******** Test Project Creation Started ********
06/17/2026 07:26:46 AM - root - INFO - Login Successful
06/17/2026 07:26:50 AM - root - INFO - ******************* Test_Login **************************
06/17/2026 07:26:50 AM - root - INFO - ******************* Verifying HomePage Title **************************
06/17/2026 07:27:02 AM - root - INFO - ************ Home Page Title Test is Passed ************
06/17/2026 07:28:03 AM - root - INFO - ******** Test Project Creation Started ********
06/17/2026 07:28:18 AM - root - INFO - Login Successful
06/17/2026 07:28:23 AM - root - INFO - ******************* Test_Login **************************
06/17/2026 07:28:23 AM - root - INFO - ******************* Verifying HomePage Title **************************
06/17/2026 07:28:32 AM - root - INFO - ************ Home Page Title Test is Passed ************
06/17/2026 07:29:28 AM - root - INFO - ******** Test Project Creation Started ********
06/17/2026 07:29:42 AM - root - INFO - Login Successful
06/17/2026 07:29:46 AM - root - INFO - ******************* Test_Login **************************
06/17/2026 07:29:46 AM - root - INFO - ******************* Verifying HomePage Title **************************
06/17/2026 07:29:57 AM - root - INFO - ************ Home Page Title Test is Passed ************
06/17/2026 07:51:22 AM - root - INFO - ******** Test Project Creation Started ********
06/17/2026 07:51:37 AM - root - INFO - Login Successful
06/17/2026 07:51:41 AM - root - INFO - ******************* Test_Login **************************
06/17/2026 07:51:41 AM - root - INFO - ******************* Verifying HomePage Title **************************
06/17/2026 07:51:55 AM - root - INFO - ************ Home Page Title Test is Passed ************
06/17/2026 07:59:50 AM - root - INFO - ******** Test Project Creation Started ********
06/17/2026 08:00:03 AM - root - INFO - Login Successful
06/17/2026 08:00:15 AM - root - INFO - ******************* Test_Login **************************
06/17/2026 08:00:15 AM - root - INFO - ******************* Verifying HomePage Title **************************
06/17/2026 08:00:27 AM - root - INFO - ************ Home Page Title Test is Passed ************
06/17/2026 08:13:13 AM - root - INFO - ******** Test Project Creation Started ********
06/17/2026 08:13:30 AM - root - INFO - Login Successful
06/17/2026 08:13:36 AM - root - INFO - Dashboard Loaded Successfully
06/17/2026 08:13:42 AM - root - INFO - ******************* Test_Login **************************
06/17/2026 08:13:42 AM - root - INFO - ******************* Verifying HomePage Title **************************
06/17/2026 08:13:53 AM - root - INFO - ************ Home Page Title Test is Passed ************
06/17/2026 08:22:59 AM - root - INFO - ******** Test Project Creation Started ********
06/17/2026 08:23:12 AM - root - INFO - Login Successful
06/17/2026 08:23:18 AM - root - INFO - Dashboard Loaded Successfully
06/17/2026 08:23:19 AM - root - INFO - Clicked File Menu
06/17/2026 08:23:25 AM - root - INFO - ******************* Test_Login **************************
06/17/2026 08:23:25 AM - root - INFO - ******************* Verifying HomePage Title **************************
06/17/2026 08:23:36 AM - root - INFO - ************ Home Page Title Test is Passed ************
06/17/2026 08:36:24 AM - root - INFO - ******** Test Project Creation Started ********
06/17/2026 08:36:38 AM - root - INFO - Login Successful
06/17/2026 08:36:44 AM - root - INFO - Dashboard Loaded Successfully
06/17/2026 08:36:44 AM - root - INFO - Clicked Entry Of New Work
06/17/2026 08:36:47 AM - root - INFO - Clicked Add Work
06/17/2026 08:37:12 AM - root - INFO - ******************* Test_Login **************************
06/17/2026 08:37:12 AM - root - INFO - ******************* Verifying HomePage Title **************************
06/17/2026 08:37:29 AM - root - INFO - ************ Home Page Title Test is Passed ************
06/17/2026 08:52:03 AM - root - INFO - ******** Test Project Creation Started ********
06/17/2026 08:52:18 AM - root - INFO - Login Successful
06/17/2026 08:52:23 AM - root - INFO - Dashboard Loaded Successfully
06/17/2026 08:52:24 AM - root - INFO - Clicked Entry Of New Work
06/17/2026 08:52:31 AM - root - INFO - Clicked Add Work
06/17/2026 08:52:31 AM - root - INFO - Add Project Page Opened Successfully
06/17/2026 08:52:36 AM - root - INFO - ******************* Test_Login **************************
06/17/2026 08:52:36 AM - root - INFO - ******************* Verifying HomePage Title **************************
06/17/2026 08:52:46 AM - root - INFO - ************ Home Page Title Test is Passed ************
06/17/2026 08:53:27 AM - root - INFO - ******** Test Project Creation Started ********
06/17/2026 08:53:41 AM - root - INFO - Login Successful
06/17/2026 08:53:46 AM - root - INFO - Dashboard Loaded Successfully
06/17/2026 08:53:47 AM - root - INFO - Clicked Entry Of New Work
06/17/2026 08:53:55 AM - root - INFO - Clicked Add Work
06/17/2026 08:53:55 AM - root - INFO - Add Project Page Opened Successfully
06/17/2026 08:53:59 AM - root - INFO - ******************* Test_Login **************************
06/17/2026 08:53:59 AM - root - INFO - ******************* Verifying HomePage Title **************************
06/17/2026 08:54:09 AM - root - INFO - ************ Home Page Title Test is Passed ************
06/17/2026 09:07:54 AM - root - INFO - ******** Test Project Creation Started ********
06/17/2026 09:08:07 AM - root - INFO - Login Successful
06/17/2026 09:08:15 AM - root - INFO - Dashboard Loaded Successfully
06/17/2026 09:08:16 AM - root - INFO - Clicked Entry Of New Work
06/17/2026 09:08:26 AM - root - INFO - Clicked Add Work
06/17/2026 09:08:26 AM - root - INFO - Add Project Page Opened Successfully
06/17/2026 09:08:33 AM - urllib3.connectionpool - WARNING - Retrying (Retry(total=2, connect=None, read=None, redirect=None, status=None)) after connection broken by 'NewConnectionError("HTTPConnection(host='localhost', port=50363): Failed to establish a new connection: [WinError 10061] No connection could be made because the target machine actively refused it")': /session/e8ddb83d753f8c239e7a7462c63364d0
06/17/2026 09:08:37 AM - urllib3.connectionpool - WARNING - Retrying (Retry(total=1, connect=None, read=None, redirect=None, status=None)) after connection broken by 'NewConnectionError("HTTPConnection(host='localhost', port=50363): Failed to establish a new connection: [WinError 10061] No connection could be made because the target machine actively refused it")': /session/e8ddb83d753f8c239e7a7462c63364d0
06/17/2026 09:08:41 AM - urllib3.connectionpool - WARNING - Retrying (Retry(total=0, connect=None, read=None, redirect=None, status=None)) after connection broken by 'NewConnectionError("HTTPConnection(host='localhost', port=50363): Failed to establish a new connection: [WinError 10061] No connection could be made because the target machine actively refused it")': /session/e8ddb83d753f8c239e7a7462c63364d0
06/17/2026 09:08:46 AM - root - INFO - ******************* Test_Login **************************
06/17/2026 09:08:46 AM - root - INFO - ******************* Verifying HomePage Title **************************
06/17/2026 09:08:58 AM - root - INFO - ************ Home Page Title Test is Passed ************
06/17/2026 09:14:09 AM - root - INFO - ******** Test Project Creation Started ********
06/17/2026 09:14:24 AM - root - INFO - Login Successful
06/17/2026 09:14:28 AM - root - INFO - ******************* Test_Login **************************
06/17/2026 09:14:28 AM - root - INFO - ******************* Verifying HomePage Title **************************
06/17/2026 09:14:39 AM - root - INFO - ************ Home Page Title Test is Passed ************
06/17/2026 09:19:20 AM - root - INFO - ******** Test Project Creation Started ********
06/17/2026 09:19:36 AM - root - INFO - Login Successful
06/17/2026 09:19:42 AM - root - INFO - Dashboard Loaded Successfully
06/17/2026 09:19:42 AM - root - INFO - Clicked Entry Of New Work
06/17/2026 09:19:51 AM - root - INFO - Clicked Add Work
06/17/2026 09:19:51 AM - root - INFO - Add Project Page Opened Successfully
06/17/2026 09:20:06 AM - root - INFO - ******************* Test_Login **************************
06/17/2026 09:20:06 AM - root - INFO - ******************* Verifying HomePage Title **************************
06/17/2026 09:20:19 AM - root - INFO - ************ Home Page Title Test is Passed ************
06/17/2026 09:27:30 AM - root - INFO - ******** Test Project Creation Started ********
06/17/2026 09:27:45 AM - root - INFO - Login Successful
06/17/2026 09:27:50 AM - root - INFO - Dashboard Loaded Successfully
06/17/2026 09:27:51 AM - root - INFO - Clicked Entry Of New Work
06/17/2026 09:27:59 AM - root - INFO - Clicked Add Work
06/17/2026 09:27:59 AM - root - INFO - Add Project Page Opened Successfully
06/17/2026 09:28:07 AM - urllib3.connectionpool - WARNING - Retrying (Retry(total=2, connect=None, read=None, redirect=None, status=None)) after connection broken by 'NewConnectionError("HTTPConnection(host='localhost', port=51085): Failed to establish a new connection: [WinError 10061] No connection could be made because the target machine actively refused it")': /session/3f469ce90c348ff5f65a06d6af904640
06/17/2026 09:28:11 AM - urllib3.connectionpool - WARNING - Retrying (Retry(total=1, connect=None, read=None, redirect=None, status=None)) after connection broken by 'NewConnectionError("HTTPConnection(host='localhost', port=51085): Failed to establish a new connection: [WinError 10061] No connection could be made because the target machine actively refused it")': /session/3f469ce90c348ff5f65a06d6af904640
06/17/2026 09:28:15 AM - urllib3.connectionpool - WARNING - Retrying (Retry(total=0, connect=None, read=None, redirect=None, status=None)) after connection broken by 'NewConnectionError("HTTPConnection(host='localhost', port=51085): Failed to establish a new connection: [WinError 10061] No connection could be made because the target machine actively refused it")': /session/3f469ce90c348ff5f65a06d6af904640
06/17/2026 09:28:20 AM - root - INFO - ******************* Test_Login **************************
06/17/2026 09:28:20 AM - root - INFO - ******************* Verifying HomePage Title **************************
06/17/2026 09:28:33 AM - root - INFO - ************ Home Page Title Test is Passed ************
06/17/2026 09:33:11 AM - root - INFO - ******** Test Project Creation Started ********
06/17/2026 09:33:23 AM - root - INFO - Login Successful
06/17/2026 09:33:29 AM - root - INFO - Dashboard Loaded Successfully
06/17/2026 09:33:29 AM - root - INFO - Clicked Entry Of New Work
06/17/2026 09:33:33 AM - root - INFO - Clicked Add Work
06/17/2026 09:33:33 AM - root - INFO - Add Project Page Opened Successfully
06/17/2026 09:33:40 AM - urllib3.connectionpool - WARNING - Retrying (Retry(total=2, connect=None, read=None, redirect=None, status=None)) after connection broken by 'NewConnectionError("HTTPConnection(host='localhost', port=51275): Failed to establish a new connection: [WinError 10061] No connection could be made because the target machine actively refused it")': /session/1aa364b71fd341a62e081bad88c00d12
06/17/2026 09:33:44 AM - urllib3.connectionpool - WARNING - Retrying (Retry(total=1, connect=None, read=None, redirect=None, status=None)) after connection broken by 'NewConnectionError("HTTPConnection(host='localhost', port=51275): Failed to establish a new connection: [WinError 10061] No connection could be made because the target machine actively refused it")': /session/1aa364b71fd341a62e081bad88c00d12
06/17/2026 09:33:48 AM - urllib3.connectionpool - WARNING - Retrying (Retry(total=0, connect=None, read=None, redirect=None, status=None)) after connection broken by 'NewConnectionError("HTTPConnection(host='localhost', port=51275): Failed to establish a new connection: [WinError 10061] No connection could be made because the target machine actively refused it")': /session/1aa364b71fd341a62e081bad88c00d12
06/17/2026 09:33:53 AM - root - INFO - ******************* Test_Login **************************
06/17/2026 09:33:53 AM - root - INFO - ******************* Verifying HomePage Title **************************
06/17/2026 09:34:05 AM - root - INFO - ************ Home Page Title Test is Passed ************
06/17/2026 09:52:43 AM - root - INFO - ******** Test Project Creation Started ********
06/17/2026 09:52:56 AM - root - INFO - Login Successful
06/17/2026 09:53:13 AM - root - INFO - Dashboard Loaded Successfully
06/17/2026 09:53:14 AM - root - INFO - Clicked Entry Of New Work
06/17/2026 09:53:28 AM - root - INFO - Clicked Add Work
06/17/2026 09:53:28 AM - root - INFO - Add Project Page Opened Successfully
06/17/2026 09:53:34 AM - urllib3.connectionpool - WARNING - Retrying (Retry(total=2, connect=None, read=None, redirect=None, status=None)) after connection broken by 'NewConnectionError("HTTPConnection(host='localhost', port=51335): Failed to establish a new connection: [WinError 10061] No connection could be made because the target machine actively refused it")': /session/bd860cdecf15806ea4c502eb0e3efd50
06/17/2026 09:53:38 AM - urllib3.connectionpool - WARNING - Retrying (Retry(total=1, connect=None, read=None, redirect=None, status=None)) after connection broken by 'NewConnectionError("HTTPConnection(host='localhost', port=51335): Failed to establish a new connection: [WinError 10061] No connection could be made because the target machine actively refused it")': /session/bd860cdecf15806ea4c502eb0e3efd50
06/17/2026 09:53:42 AM - urllib3.connectionpool - WARNING - Retrying (Retry(total=0, connect=None, read=None, redirect=None, status=None)) after connection broken by 'NewConnectionError("HTTPConnection(host='localhost', port=51335): Failed to establish a new connection: [WinError 10061] No connection could be made because the target machine actively refused it")': /session/bd860cdecf15806ea4c502eb0e3efd50
06/17/2026 09:53:48 AM - root - INFO - ******************* Test_Login **************************
06/17/2026 09:53:48 AM - root - INFO - ******************* Verifying HomePage Title **************************
06/17/2026 09:53:58 AM - root - INFO - ************ Home Page Title Test is Passed ************
06/17/2026 09:59:26 AM - root - INFO - ******** Test Project Creation Started ********
06/17/2026 09:59:45 AM - root - INFO - Login Successful
06/17/2026 09:59:50 AM - root - INFO - Dashboard Loaded Successfully
06/17/2026 09:59:51 AM - root - INFO - Clicked Entry Of New Work
06/17/2026 10:00:04 AM - root - INFO - Clicked Add Work
06/17/2026 10:00:04 AM - root - INFO - Add Project Page Opened Successfully
06/17/2026 10:00:11 AM - urllib3.connectionpool - WARNING - Retrying (Retry(total=2, connect=None, read=None, redirect=None, status=None)) after connection broken by 'NewConnectionError("HTTPConnection(host='localhost', port=51731): Failed to establish a new connection: [WinError 10061] No connection could be made because the target machine actively refused it")': /session/5b68f2de646458bc25c0a3a0838a7b41
06/17/2026 10:00:15 AM - urllib3.connectionpool - WARNING - Retrying (Retry(total=1, connect=None, read=None, redirect=None, status=None)) after connection broken by 'NewConnectionError("HTTPConnection(host='localhost', port=51731): Failed to establish a new connection: [WinError 10061] No connection could be made because the target machine actively refused it")': /session/5b68f2de646458bc25c0a3a0838a7b41
06/17/2026 10:00:19 AM - urllib3.connectionpool - WARNING - Retrying (Retry(total=0, connect=None, read=None, redirect=None, status=None)) after connection broken by 'NewConnectionError("HTTPConnection(host='localhost', port=51731): Failed to establish a new connection: [WinError 10061] No connection could be made because the target machine actively refused it")': /session/5b68f2de646458bc25c0a3a0838a7b41
06/17/2026 10:00:25 AM - root - INFO - ******************* Test_Login **************************
06/17/2026 10:00:25 AM - root - INFO - ******************* Verifying HomePage Title **************************
06/17/2026 12:25:31 PM - root - INFO - ******** Test Project Creation Started ********
06/17/2026 12:48:46 PM - selenium.webdriver.common.selenium_manager - WARNING - Error sending stats to Plausible: error sending request for url (https://plausible.io/api/event)
06/17/2026 12:48:47 PM - root - INFO - ******** Test Project Creation Started ********
06/17/2026 12:51:33 PM - root - INFO - Login Successful
06/17/2026 12:51:44 PM - root - INFO - Dashboard Loaded Successfully
06/17/2026 12:51:45 PM - root - INFO - Clicked Entry Of New Work
06/17/2026 12:52:00 PM - root - INFO - Clicked Add Work
06/17/2026 12:52:00 PM - root - INFO - Add Project Page Opened Successfully
06/17/2026 12:52:07 PM - urllib3.connectionpool - WARNING - Retrying (Retry(total=2, connect=None, read=None, redirect=None, status=None)) after connection broken by 'NewConnectionError("HTTPConnection(host='localhost', port=54336): Failed to establish a new connection: [WinError 10061] No connection could be made because the target machine actively refused it")': /session/f4f9536134361fd5245384204c847ec2
06/17/2026 12:52:11 PM - urllib3.connectionpool - WARNING - Retrying (Retry(total=1, connect=None, read=None, redirect=None, status=None)) after connection broken by 'NewConnectionError("HTTPConnection(host='localhost', port=54336): Failed to establish a new connection: [WinError 10061] No connection could be made because the target machine actively refused it")': /session/f4f9536134361fd5245384204c847ec2
06/17/2026 12:52:15 PM - urllib3.connectionpool - WARNING - Retrying (Retry(total=0, connect=None, read=None, redirect=None, status=None)) after connection broken by 'NewConnectionError("HTTPConnection(host='localhost', port=54336): Failed to establish a new connection: [WinError 10061] No connection could be made because the target machine actively refused it")': /session/f4f9536134361fd5245384204c847ec2
06/17/2026 12:52:20 PM - root - INFO - ******************* Test_Login **************************
06/17/2026 12:52:20 PM - root - INFO - ******************* Verifying HomePage Title **************************
06/17/2026 12:52:55 PM - root - INFO - ************ Home Page Title Test is Passed ************
06/17/2026 01:37:52 PM - root - INFO - ******** Test Project Creation Started ********
06/17/2026 01:38:12 PM - root - INFO - Login Successful
06/17/2026 01:38:18 PM - root - INFO - Dashboard Loaded Successfully
06/17/2026 01:38:19 PM - root - INFO - Clicked Entry Of New Work
06/17/2026 01:38:32 PM - root - INFO - Clicked Add Work
06/17/2026 01:38:32 PM - root - INFO - Add Project Page Opened Successfully
06/17/2026 01:38:39 PM - urllib3.connectionpool - WARNING - Retrying (Retry(total=2, connect=None, read=None, redirect=None, status=None)) after connection broken by 'NewConnectionError("HTTPConnection(host='localhost', port=54514): Failed to establish a new connection: [WinError 10061] No connection could be made because the target machine actively refused it")': /session/34a08c428a2b882a16835fc3dcc8ea40
06/17/2026 01:38:43 PM - urllib3.connectionpool - WARNING - Retrying (Retry(total=1, connect=None, read=None, redirect=None, status=None)) after connection broken by 'NewConnectionError("HTTPConnection(host='localhost', port=54514): Failed to establish a new connection: [WinError 10061] No connection could be made because the target machine actively refused it")': /session/34a08c428a2b882a16835fc3dcc8ea40
06/17/2026 01:38:47 PM - urllib3.connectionpool - WARNING - Retrying (Retry(total=0, connect=None, read=None, redirect=None, status=None)) after connection broken by 'NewConnectionError("HTTPConnection(host='localhost', port=54514): Failed to establish a new connection: [WinError 10061] No connection could be made because the target machine actively refused it")': /session/34a08c428a2b882a16835fc3dcc8ea40
06/17/2026 01:38:52 PM - root - INFO - ******************* Test_Login **************************
06/17/2026 01:38:52 PM - root - INFO - ******************* Verifying HomePage Title **************************
06/17/2026 01:39:05 PM - root - INFO - ************ Home Page Title Test is Passed ************
06/17/2026 10:48:02 PM - root - INFO - ******** Test Project Creation Started ********
06/17/2026 10:48:23 PM - root - INFO - Login Successful
06/17/2026 10:48:29 PM - root - INFO - Dashboard Loaded Successfully
06/17/2026 10:48:30 PM - root - INFO - Clicked Entry Of New Work
06/17/2026 10:48:44 PM - root - INFO - Clicked Add Work
06/17/2026 10:48:44 PM - root - INFO - Add Project Page Opened Successfully
06/17/2026 10:48:51 PM - urllib3.connectionpool - WARNING - Retrying (Retry(total=2, connect=None, read=None, redirect=None, status=None)) after connection broken by 'NewConnectionError("HTTPConnection(host='localhost', port=51026): Failed to establish a new connection: [WinError 10061] No connection could be made because the target machine actively refused it")': /session/a4a52422053e028e30219e22adb4e31e
06/17/2026 10:48:55 PM - urllib3.connectionpool - WARNING - Retrying (Retry(total=1, connect=None, read=None, redirect=None, status=None)) after connection broken by 'NewConnectionError("HTTPConnection(host='localhost', port=51026): Failed to establish a new connection: [WinError 10061] No connection could be made because the target machine actively refused it")': /session/a4a52422053e028e30219e22adb4e31e
06/17/2026 10:48:59 PM - urllib3.connectionpool - WARNING - Retrying (Retry(total=0, connect=None, read=None, redirect=None, status=None)) after connection broken by 'NewConnectionError("HTTPConnection(host='localhost', port=51026): Failed to establish a new connection: [WinError 10061] No connection could be made because the target machine actively refused it")': /session/a4a52422053e028e30219e22adb4e31e
06/17/2026 10:49:04 PM - root - INFO - ******************* Test_Login **************************
06/17/2026 10:49:04 PM - root - INFO - ******************* Verifying HomePage Title **************************
06/17/2026 10:49:17 PM - root - INFO - ************ Home Page Title Test is Passed ************
06/20/2026 06:39:33 PM - root - INFO - ******** Test Project Creation Started ********
06/20/2026 06:39:54 PM - root - INFO - Login Successful
06/20/2026 06:40:01 PM - root - INFO - Dashboard Loaded Successfully
06/20/2026 06:40:01 PM - root - INFO - Clicked Entry Of New Work
06/20/2026 06:40:16 PM - root - INFO - Clicked Add Work
06/20/2026 06:40:16 PM - root - INFO - Add Project Page Opened Successfully
06/20/2026 06:40:23 PM - urllib3.connectionpool - WARNING - Retrying (Retry(total=2, connect=None, read=None, redirect=None, status=None)) after connection broken by 'NewConnectionError("HTTPConnection(host='localhost', port=63439): Failed to establish a new connection: [WinError 10061] No connection could be made because the target machine actively refused it")': /session/49f2af1527e613bf6c55f9d96d6546b7
06/20/2026 06:40:27 PM - urllib3.connectionpool - WARNING - Retrying (Retry(total=1, connect=None, read=None, redirect=None, status=None)) after connection broken by 'NewConnectionError("HTTPConnection(host='localhost', port=63439): Failed to establish a new connection: [WinError 10061] No connection could be made because the target machine actively refused it")': /session/49f2af1527e613bf6c55f9d96d6546b7
06/20/2026 06:40:31 PM - urllib3.connectionpool - WARNING - Retrying (Retry(total=0, connect=None, read=None, redirect=None, status=None)) after connection broken by 'NewConnectionError("HTTPConnection(host='localhost', port=63439): Failed to establish a new connection: [WinError 10061] No connection could be made because the target machine actively refused it")': /session/49f2af1527e613bf6c55f9d96d6546b7
06/20/2026 06:40:37 PM - root - INFO - ******************* Test_Login **************************
06/20/2026 06:40:37 PM - root - INFO - ******************* Verifying HomePage Title **************************
06/20/2026 06:40:52 PM - root - INFO - ************ Home Page Title Test is Passed ************
06/23/2026 11:27:30 PM - root - INFO - ******** Test Project Creation Started ********
06/23/2026 11:27:46 PM - root - INFO - Login Successful
06/23/2026 11:27:51 PM - root - INFO - Dashboard Loaded Successfully
06/23/2026 11:27:52 PM - root - INFO - Clicked Entry Of New Work
06/23/2026 11:28:05 PM - root - INFO - Clicked Add Work
06/23/2026 11:28:05 PM - root - INFO - Add Project Page Opened Successfully
06/23/2026 11:28:12 PM - urllib3.connectionpool - WARNING - Retrying (Retry(total=2, connect=None, read=None, redirect=None, status=None)) after connection broken by 'NewConnectionError("HTTPConnection(host='localhost', port=51149): Failed to establish a new connection: [WinError 10061] No connection could be made because the target machine actively refused it")': /session/8f558a1edd45652de772a2933041534f
06/23/2026 11:28:16 PM - urllib3.connectionpool - WARNING - Retrying (Retry(total=1, connect=None, read=None, redirect=None, status=None)) after connection broken by 'NewConnectionError("HTTPConnection(host='localhost', port=51149): Failed to establish a new connection: [WinError 10061] No connection could be made because the target machine actively refused it")': /session/8f558a1edd45652de772a2933041534f
06/23/2026 11:28:20 PM - urllib3.connectionpool - WARNING - Retrying (Retry(total=0, connect=None, read=None, redirect=None, status=None)) after connection broken by 'NewConnectionError("HTTPConnection(host='localhost', port=51149): Failed to establish a new connection: [WinError 10061] No connection could be made because the target machine actively refused it")': /session/8f558a1edd45652de772a2933041534f
06/23/2026 11:29:11 PM - root - INFO - ******************* Test_Login **************************
06/23/2026 11:29:11 PM - root - INFO - ******************* Verifying HomePage Title **************************
06/23/2026 11:29:24 PM - root - INFO - ************ Home Page Title Test is Passed ************
06/23/2026 11:30:45 PM - root - INFO - ******** Test Project Creation Started ********
06/23/2026 11:31:00 PM - root - INFO - Login Successful
06/23/2026 11:31:07 PM - root - INFO - Dashboard Loaded Successfully
06/23/2026 11:31:07 PM - root - INFO - Clicked Entry Of New Work
06/23/2026 11:31:20 PM - root - INFO - Clicked Add Work
06/23/2026 11:31:20 PM - root - INFO - Add Project Page Opened Successfully
06/23/2026 11:31:28 PM - urllib3.connectionpool - WARNING - Retrying (Retry(total=2, connect=None, read=None, redirect=None, status=None)) after connection broken by 'NewConnectionError("HTTPConnection(host='localhost', port=51461): Failed to establish a new connection: [WinError 10061] No connection could be made because the target machine actively refused it")': /session/a515b51274d925a046437fbaf3a77fcb
06/23/2026 11:31:32 PM - urllib3.connectionpool - WARNING - Retrying (Retry(total=1, connect=None, read=None, redirect=None, status=None)) after connection broken by 'NewConnectionError("HTTPConnection(host='localhost', port=51461): Failed to establish a new connection: [WinError 10061] No connection could be made because the target machine actively refused it")': /session/a515b51274d925a046437fbaf3a77fcb
06/23/2026 11:31:36 PM - urllib3.connectionpool - WARNING - Retrying (Retry(total=0, connect=None, read=None, redirect=None, status=None)) after connection broken by 'NewConnectionError("HTTPConnection(host='localhost', port=51461): Failed to establish a new connection: [WinError 10061] No connection could be made because the target machine actively refused it")': /session/a515b51274d925a046437fbaf3a77fcb
06/23/2026 11:32:28 PM - root - INFO - ******************* Test_Login **************************
06/23/2026 11:32:28 PM - root - INFO - ******************* Verifying HomePage Title **************************
06/23/2026 11:32:39 PM - root - INFO - ************ Home Page Title Test is Passed ************
06/23/2026 11:36:02 PM - root - INFO - ******** Test Project Creation Started ********
06/23/2026 11:36:17 PM - root - INFO - Login Successful
06/23/2026 11:36:23 PM - root - INFO - Dashboard Loaded Successfully
06/23/2026 11:36:24 PM - root - INFO - Clicked Entry Of New Work
06/23/2026 11:36:37 PM - root - INFO - Clicked Add Work
06/23/2026 11:36:37 PM - root - INFO - Add Project Page Opened Successfully
06/23/2026 11:36:44 PM - urllib3.connectionpool - WARNING - Retrying (Retry(total=2, connect=None, read=None, redirect=None, status=None)) after connection broken by 'NewConnectionError("HTTPConnection(host='localhost', port=51831): Failed to establish a new connection: [WinError 10061] No connection could be made because the target machine actively refused it")': /session/fcdb1a38051f240ba03021bb07a35bff
06/23/2026 11:36:48 PM - urllib3.connectionpool - WARNING - Retrying (Retry(total=1, connect=None, read=None, redirect=None, status=None)) after connection broken by 'NewConnectionError("HTTPConnection(host='localhost', port=51831): Failed to establish a new connection: [WinError 10061] No connection could be made because the target machine actively refused it")': /session/fcdb1a38051f240ba03021bb07a35bff
06/23/2026 11:36:52 PM - urllib3.connectionpool - WARNING - Retrying (Retry(total=0, connect=None, read=None, redirect=None, status=None)) after connection broken by 'NewConnectionError("HTTPConnection(host='localhost', port=51831): Failed to establish a new connection: [WinError 10061] No connection could be made because the target machine actively refused it")': /session/fcdb1a38051f240ba03021bb07a35bff
06/23/2026 11:37:42 PM - root - INFO - ******************* Test_Login **************************
06/23/2026 11:37:42 PM - root - INFO - ******************* Verifying HomePage Title **************************
06/23/2026 11:37:52 PM - root - INFO - ************ Home Page Title Test is Passed ************
06/23/2026 11:48:48 PM - root - INFO - ******** Test Project Creation Started ********
06/23/2026 11:49:01 PM - root - INFO - Login Successful
06/23/2026 11:49:06 PM - root - INFO - Dashboard Loaded Successfully
06/23/2026 11:49:07 PM - root - INFO - Clicked Entry Of New Work
06/23/2026 11:49:20 PM - root - INFO - Clicked Add Work
06/23/2026 11:49:20 PM - root - INFO - Add Project Page Opened Successfully
06/23/2026 11:49:27 PM - urllib3.connectionpool - WARNING - Retrying (Retry(total=2, connect=None, read=None, redirect=None, status=None)) after connection broken by 'NewConnectionError("HTTPConnection(host='localhost', port=52532): Failed to establish a new connection: [WinError 10061] No connection could be made because the target machine actively refused it")': /session/60fc414143c2f9a8c77275c033c78b3c
06/23/2026 11:49:32 PM - urllib3.connectionpool - WARNING - Retrying (Retry(total=1, connect=None, read=None, redirect=None, status=None)) after connection broken by 'NewConnectionError("HTTPConnection(host='localhost', port=52532): Failed to establish a new connection: [WinError 10061] No connection could be made because the target machine actively refused it")': /session/60fc414143c2f9a8c77275c033c78b3c
06/23/2026 11:49:36 PM - urllib3.connectionpool - WARNING - Retrying (Retry(total=0, connect=None, read=None, redirect=None, status=None)) after connection broken by 'NewConnectionError("HTTPConnection(host='localhost', port=52532): Failed to establish a new connection: [WinError 10061] No connection could be made because the target machine actively refused it")': /session/60fc414143c2f9a8c77275c033c78b3c
06/23/2026 11:51:10 PM - root - INFO - ******** Test Project Creation Started ********
06/23/2026 11:51:25 PM - root - INFO - Login Successful
06/23/2026 11:51:31 PM - root - INFO - Dashboard Loaded Successfully
06/23/2026 11:51:31 PM - root - INFO - Clicked Entry Of New Work
06/23/2026 11:51:45 PM - root - INFO - Clicked Add Work
06/23/2026 11:51:45 PM - root - INFO - Add Project Page Opened Successfully
06/23/2026 11:51:52 PM - urllib3.connectionpool - WARNING - Retrying (Retry(total=2, connect=None, read=None, redirect=None, status=None)) after connection broken by 'NewConnectionError("HTTPConnection(host='localhost', port=52814): Failed to establish a new connection: [WinError 10061] No connection could be made because the target machine actively refused it")': /session/72b6fcc09d2d522378d7fd0f00f458bb
06/23/2026 11:51:56 PM - urllib3.connectionpool - WARNING - Retrying (Retry(total=1, connect=None, read=None, redirect=None, status=None)) after connection broken by 'NewConnectionError("HTTPConnection(host='localhost', port=52814): Failed to establish a new connection: [WinError 10061] No connection could be made because the target machine actively refused it")': /session/72b6fcc09d2d522378d7fd0f00f458bb
06/23/2026 11:52:00 PM - urllib3.connectionpool - WARNING - Retrying (Retry(total=0, connect=None, read=None, redirect=None, status=None)) after connection broken by 'NewConnectionError("HTTPConnection(host='localhost', port=52814): Failed to establish a new connection: [WinError 10061] No connection could be made because the target machine actively refused it")': /session/72b6fcc09d2d522378d7fd0f00f458bb
06/26/2026 09:14:50 AM - root - INFO - ******** Test Project Creation Started ********
06/26/2026 09:15:15 AM - root - INFO - Login Successful
06/26/2026 09:15:23 AM - root - INFO - Dashboard Loaded Successfully
06/26/2026 09:15:25 AM - root - INFO - Clicked Entry Of New Work
06/26/2026 09:15:42 AM - root - INFO - Clicked Add Work
06/26/2026 09:15:42 AM - root - INFO - Add Project Page Opened Successfully
06/26/2026 09:15:50 AM - urllib3.connectionpool - WARNING - Retrying (Retry(total=2, connect=None, read=None, redirect=None, status=None)) after connection broken by 'NewConnectionError("HTTPConnection(host='localhost', port=50475): Failed to establish a new connection: [WinError 10061] No connection could be made because the target machine actively refused it")': /session/23de529dba706d8bfe0b29ed3415158d
06/26/2026 09:15:54 AM - urllib3.connectionpool - WARNING - Retrying (Retry(total=1, connect=None, read=None, redirect=None, status=None)) after connection broken by 'NewConnectionError("HTTPConnection(host='localhost', port=50475): Failed to establish a new connection: [WinError 10061] No connection could be made because the target machine actively refused it")': /session/23de529dba706d8bfe0b29ed3415158d
06/26/2026 09:15:58 AM - urllib3.connectionpool - WARNING - Retrying (Retry(total=0, connect=None, read=None, redirect=None, status=None)) after connection broken by 'NewConnectionError("HTTPConnection(host='localhost', port=50475): Failed to establish a new connection: [WinError 10061] No connection could be made because the target machine actively refused it")': /session/23de529dba706d8bfe0b29ed3415158d
06/26/2026 09:16:33 AM - root - INFO - ******************* Test_Login **************************
06/26/2026 09:16:33 AM - root - INFO - ******************* Verifying HomePage Title **************************
06/26/2026 09:16:51 AM - root - INFO - ************ Home Page Title Test is Passed ************
06/26/2026 09:29:23 AM - root - INFO - ******** Test Project Creation Started ********
06/26/2026 09:29:37 AM - root - INFO - Login Successful
06/26/2026 09:29:42 AM - root - INFO - Dashboard Loaded Successfully
06/26/2026 09:29:43 AM - root - INFO - Clicked Entry Of New Work
06/26/2026 09:29:56 AM - root - INFO - Clicked Add Work
06/26/2026 09:29:56 AM - root - INFO - Add Project Page Opened Successfully
06/26/2026 09:30:03 AM - urllib3.connectionpool - WARNING - Retrying (Retry(total=2, connect=None, read=None, redirect=None, status=None)) after connection broken by 'NewConnectionError("HTTPConnection(host='localhost', port=51046): Failed to establish a new connection: [WinError 10061] No connection could be made because the target machine actively refused it")': /session/8fd8dd8b2f56345cf6579f9c0c212b09
06/26/2026 09:30:07 AM - urllib3.connectionpool - WARNING - Retrying (Retry(total=1, connect=None, read=None, redirect=None, status=None)) after connection broken by 'NewConnectionError("HTTPConnection(host='localhost', port=51046): Failed to establish a new connection: [WinError 10061] No connection could be made because the target machine actively refused it")': /session/8fd8dd8b2f56345cf6579f9c0c212b09
06/26/2026 09:30:12 AM - urllib3.connectionpool - WARNING - Retrying (Retry(total=0, connect=None, read=None, redirect=None, status=None)) after connection broken by 'NewConnectionError("HTTPConnection(host='localhost', port=51046): Failed to establish a new connection: [WinError 10061] No connection could be made because the target machine actively refused it")': /session/8fd8dd8b2f56345cf6579f9c0c212b09
06/26/2026 09:52:23 AM - root - INFO - ******** Test Project Creation Started ********
06/26/2026 09:52:37 AM - root - INFO - Login Successful
06/26/2026 09:52:42 AM - root - INFO - Dashboard Loaded Successfully
06/26/2026 09:52:43 AM - root - INFO - Clicked Entry Of New Work
06/26/2026 09:52:56 AM - root - INFO - Clicked Add Work
06/26/2026 09:52:56 AM - root - INFO - Add Project Page Opened Successfully
06/26/2026 09:53:03 AM - urllib3.connectionpool - WARNING - Retrying (Retry(total=2, connect=None, read=None, redirect=None, status=None)) after connection broken by 'NewConnectionError("HTTPConnection(host='localhost', port=51809): Failed to establish a new connection: [WinError 10061] No connection could be made because the target machine actively refused it")': /session/56eb57feabaa994b820b93c8cf671105
06/26/2026 09:53:08 AM - urllib3.connectionpool - WARNING - Retrying (Retry(total=1, connect=None, read=None, redirect=None, status=None)) after connection broken by 'NewConnectionError("HTTPConnection(host='localhost', port=51809): Failed to establish a new connection: [WinError 10061] No connection could be made because the target machine actively refused it")': /session/56eb57feabaa994b820b93c8cf671105
06/26/2026 09:53:12 AM - urllib3.connectionpool - WARNING - Retrying (Retry(total=0, connect=None, read=None, redirect=None, status=None)) after connection broken by 'NewConnectionError("HTTPConnection(host='localhost', port=51809): Failed to establish a new connection: [WinError 10061] No connection could be made because the target machine actively refused it")': /session/56eb57feabaa994b820b93c8cf671105
06/26/2026 09:53:51 AM - root - INFO - ************************Project Creation Test Started******************************
06/26/2026 09:53:51 AM - root - INFO - ***********************************Entering Project Details************************
06/26/2026 09:58:03 AM - root - INFO - ******** Test Project Creation Started ********
06/26/2026 09:58:17 AM - root - INFO - Login Successful
06/26/2026 09:58:23 AM - root - INFO - Dashboard Loaded Successfully
06/26/2026 09:58:23 AM - root - INFO - Clicked Entry Of New Work
06/26/2026 09:58:36 AM - root - INFO - Clicked Add Work
06/26/2026 09:58:36 AM - root - INFO - Add Project Page Opened Successfully
06/26/2026 09:58:43 AM - urllib3.connectionpool - WARNING - Retrying (Retry(total=2, connect=None, read=None, redirect=None, status=None)) after connection broken by 'NewConnectionError("HTTPConnection(host='localhost', port=52107): Failed to establish a new connection: [WinError 10061] No connection could be made because the target machine actively refused it")': /session/c996e8a46e28e279cfd4132dbfac486c
06/26/2026 09:58:47 AM - urllib3.connectionpool - WARNING - Retrying (Retry(total=1, connect=None, read=None, redirect=None, status=None)) after connection broken by 'NewConnectionError("HTTPConnection(host='localhost', port=52107): Failed to establish a new connection: [WinError 10061] No connection could be made because the target machine actively refused it")': /session/c996e8a46e28e279cfd4132dbfac486c
06/26/2026 09:58:51 AM - urllib3.connectionpool - WARNING - Retrying (Retry(total=0, connect=None, read=None, redirect=None, status=None)) after connection broken by 'NewConnectionError("HTTPConnection(host='localhost', port=52107): Failed to establish a new connection: [WinError 10061] No connection could be made because the target machine actively refused it")': /session/c996e8a46e28e279cfd4132dbfac486c
06/26/2026 09:59:33 AM - root - INFO - ************************Project Creation Test Started******************************
06/26/2026 09:59:33 AM - root - INFO - ***********************************Entering Project Details************************
06/26/2026 10:19:56 AM - root - INFO - ******** Test Project Creation Started ********
06/26/2026 10:20:09 AM - root - INFO - Login Successful
06/26/2026 10:20:14 AM - root - INFO - Dashboard Loaded Successfully
06/26/2026 10:20:14 AM - root - INFO - Clicked Entry Of New Work
06/26/2026 10:20:28 AM - root - INFO - Clicked Add Work
06/26/2026 10:20:28 AM - root - INFO - Add Project Page Opened Successfully
06/26/2026 10:20:35 AM - urllib3.connectionpool - WARNING - Retrying (Retry(total=2, connect=None, read=None, redirect=None, status=None)) after connection broken by 'NewConnectionError("HTTPConnection(host='localhost', port=52777): Failed to establish a new connection: [WinError 10061] No connection could be made because the target machine actively refused it")': /session/2a502dbe098ce055667e9439dae3197c
06/26/2026 10:20:39 AM - urllib3.connectionpool - WARNING - Retrying (Retry(total=1, connect=None, read=None, redirect=None, status=None)) after connection broken by 'NewConnectionError("HTTPConnection(host='localhost', port=52777): Failed to establish a new connection: [WinError 10061] No connection could be made because the target machine actively refused it")': /session/2a502dbe098ce055667e9439dae3197c
06/26/2026 10:20:43 AM - urllib3.connectionpool - WARNING - Retrying (Retry(total=0, connect=None, read=None, redirect=None, status=None)) after connection broken by 'NewConnectionError("HTTPConnection(host='localhost', port=52777): Failed to establish a new connection: [WinError 10061] No connection could be made because the target machine actively refused it")': /session/2a502dbe098ce055667e9439dae3197c
06/26/2026 10:21:23 AM - root - INFO - ************************Project Creation Test Started******************************
06/26/2026 10:21:23 AM - root - INFO - ***********************************Entering Project Details************************
06/26/2026 10:25:21 AM - root - INFO - ************************Project Creation Test Started******************************
06/26/2026 10:25:21 AM - root - INFO - ***********************************Entering Project Details************************
06/26/2026 10:29:36 AM - root - INFO - ************************Project Creation Test Started******************************
06/26/2026 10:29:36 AM - root - INFO - ***********************************Entering Project Details************************
06/26/2026 10:29:46 AM - root - ERROR - Message: element click intercepted: Element <button type="submit" class="btn btn-primary sab">...</button> is not clickable at point (749, 596). Other element would receive the click: <div class="phpdebugbar-resize-handle"></div>
  (Session info: chrome=149.0.7827.103); For documentation on this error, please visit: https://www.selenium.dev/documentation/webdriver/troubleshooting/errors#elementclickinterceptedexception
Stacktrace:
	chromedriver!GetHandleVerifier [0x7ff6b1b63fa5+14925]
	chromedriver!GetHandleVerifier [0x7ff6b1b64000+14980]
	chromedriver!(No symbol) [0x7ff6b16a793d]
	chromedriver!(No symbol) [0x7ff6b1709755]
	chromedriver!(No symbol) [0x7ff6b170736a]
	chromedriver!(No symbol) [0x7ff6b17046b7]
	chromedriver!(No symbol) [0x7ff6b1703567]
	chromedriver!(No symbol) [0x7ff6b16f5f48]
	chromedriver!(No symbol) [0x7ff6b172a3ca]
	chromedriver!(No symbol) [0x7ff6b16f57c6]
	chromedriver!(No symbol) [0x7ff6b174f39b]
	chromedriver!(No symbol) [0x7ff6b16f401c]
	chromedriver!(No symbol) [0x7ff6b16f4f43]
	chromedriver!GetHandleVerifier [0x7ff6b2147591+5f7f11]
	chromedriver!GetHandleVerifier [0x7ff6b2141902+5f2282]
	chromedriver!GetHandleVerifier [0x7ff6b2167115+617a95]
	chromedriver!GetHandleVerifier [0x7ff6b1b81dce+3274e]
	chromedriver!GetHandleVerifier [0x7ff6b1b8a82c+3b1ac]
	chromedriver!GetHandleVerifier [0x7ff6b1b6d744+1e0c4]
	chromedriver!GetHandleVerifier [0x7ff6b1b6d8d4+1e254]
	chromedriver!GetHandleVerifier [0x7ff6b1b51447+1dc7]
	KERNEL32!BaseThreadInitThunk [0x7ff99c1c7374+14]
	ntdll!RtlUserThreadStart [0x7ff99e0bcc91+21]

06/26/2026 10:34:04 AM - root - INFO - ************************Project Creation Test Started******************************
06/26/2026 10:34:04 AM - root - INFO - ***********************************Entering Project Details************************
06/26/2026 10:34:24 AM - urllib3.connectionpool - WARNING - Retrying (Retry(total=2, connect=None, read=None, redirect=None, status=None)) after connection broken by 'NewConnectionError("HTTPConnection(host='localhost', port=53406): Failed to establish a new connection: [WinError 10061] No connection could be made because the target machine actively refused it")': /session/c5432231a82692f8fda3c4b7d2d172cb
06/26/2026 10:34:28 AM - urllib3.connectionpool - WARNING - Retrying (Retry(total=1, connect=None, read=None, redirect=None, status=None)) after connection broken by 'NewConnectionError("HTTPConnection(host='localhost', port=53406): Failed to establish a new connection: [WinError 10061] No connection could be made because the target machine actively refused it")': /session/c5432231a82692f8fda3c4b7d2d172cb
06/26/2026 10:34:32 AM - urllib3.connectionpool - WARNING - Retrying (Retry(total=0, connect=None, read=None, redirect=None, status=None)) after connection broken by 'NewConnectionError("HTTPConnection(host='localhost', port=53406): Failed to establish a new connection: [WinError 10061] No connection could be made because the target machine actively refused it")': /session/c5432231a82692f8fda3c4b7d2d172cb
06/26/2026 10:45:44 AM - root - INFO - ************************Project Creation Test Started******************************
06/26/2026 10:45:44 AM - root - INFO - ***********************************Entering Project Details************************
06/26/2026 11:12:31 AM - root - INFO - ************************Project Creation Test Started******************************
06/26/2026 11:12:31 AM - root - INFO - ***********************************Entering Project Details************************
06/26/2026 12:31:13 PM - root - INFO - ************************Project Creation Test Started******************************
06/26/2026 12:31:13 PM - root - INFO - ***********************************Entering Project Details************************
06/27/2026 07:50:47 AM - root - INFO - ************************Project Creation Test Started******************************
06/27/2026 07:50:47 AM - root - INFO - ***********************************Entering Project Details************************
06/27/2026 12:56:25 PM - selenium.webdriver.common.selenium_manager - WARNING - There was an error managing chromedriver (error decoding response body); using driver found in the cache
06/27/2026 01:00:39 PM - root - INFO - ************************Project Creation Test Started******************************
06/27/2026 01:00:39 PM - root - INFO - ***********************************Entering Project Details************************
06/27/2026 01:02:51 PM - root - ERROR - Message: 
Stacktrace:
	chromedriver!GetHandleVerifier [0x7ff6c6883fa5+14925]
	chromedriver!GetHandleVerifier [0x7ff6c6884000+14980]
	chromedriver!(No symbol) [0x7ff6c63c793d]
	chromedriver!(No symbol) [0x7ff6c6421aad]
	chromedriver!(No symbol) [0x7ff6c6421dac]
	chromedriver!(No symbol) [0x7ff6c64727d7]
	chromedriver!(No symbol) [0x7ff6c646f39b]
	chromedriver!(No symbol) [0x7ff6c641401c]
	chromedriver!(No symbol) [0x7ff6c6414f43]
	chromedriver!GetHandleVerifier [0x7ff6c6e67591+5f7f11]
	chromedriver!GetHandleVerifier [0x7ff6c6e61902+5f2282]
	chromedriver!GetHandleVerifier [0x7ff6c6e87115+617a95]
	chromedriver!GetHandleVerifier [0x7ff6c68a1dce+3274e]
	chromedriver!GetHandleVerifier [0x7ff6c68aa82c+3b1ac]
	chromedriver!GetHandleVerifier [0x7ff6c688d744+1e0c4]
	chromedriver!GetHandleVerifier [0x7ff6c688d8d4+1e254]
	chromedriver!GetHandleVerifier [0x7ff6c6871447+1dc7]
	KERNEL32!BaseThreadInitThunk [0x7ffe1ebf7374+14]
	ntdll!RtlUserThreadStart [0x7ffe2057cc91+21]

06/27/2026 01:22:58 PM - root - INFO - ************************Project Creation Test Started******************************
06/27/2026 01:22:58 PM - root - INFO - ***********************************Entering Project Details************************
06/27/2026 01:25:14 PM - root - ERROR - Message: 

06/27/2026 01:36:35 PM - root - INFO - ************************Project Creation Test Started******************************
06/27/2026 01:36:35 PM - root - INFO - ***********************************Entering Project Details************************
06/27/2026 01:37:05 PM - root - INFO - Project created successfully and success message displayed
06/27/2026 01:41:43 PM - root - INFO - ************************Project Creation Test Started******************************
06/27/2026 01:41:43 PM - root - INFO - ***********************************Entering Project Details************************
06/27/2026 01:42:06 PM - root - INFO - Project created successfully and success message displayed
